<?xml version="1.0" encoding="UTF-8"?>
<testng-results ignored="0" total="2" passed="2" failed="0" skipped="0">
  <reporter-output>
  </reporter-output>
  <suite started-at="2022-01-17T20:07:14 IST" name="Default suite" finished-at="2022-01-17T20:07:39 IST" duration-ms="25442">
    <groups>
    </groups>
    <test started-at="2022-01-17T20:07:14 IST" name="Default test" finished-at="2022-01-17T20:07:39 IST" duration-ms="25442">
      <class name="com.amazon.qa.testcases.LoginPageTest">
        <test-method is-config="true" signature="setUp()[pri:0, instance:com.amazon.qa.testcases.LoginPageTest@a3d8174]" started-at="2022-01-17T20:07:14 IST" name="setUp" finished-at="2022-01-17T20:07:24 IST" duration-ms="10359" status="PASS">
          <reporter-output>
          </reporter-output>
        </test-method> <!-- setUp -->
        <test-method signature="TitleTest()[pri:1, instance:com.amazon.qa.testcases.LoginPageTest@a3d8174]" started-at="2022-01-17T20:07:24 IST" name="TitleTest" finished-at="2022-01-17T20:07:24 IST" duration-ms="10" status="PASS">
          <reporter-output>
          </reporter-output>
        </test-method> <!-- TitleTest -->
        <test-method is-config="true" signature="tearDown()[pri:0, instance:com.amazon.qa.testcases.LoginPageTest@a3d8174]" started-at="2022-01-17T20:07:24 IST" name="tearDown" finished-at="2022-01-17T20:07:27 IST" duration-ms="3346" status="PASS">
          <reporter-output>
          </reporter-output>
        </test-method> <!-- tearDown -->
        <test-method is-config="true" signature="setUp()[pri:0, instance:com.amazon.qa.testcases.LoginPageTest@a3d8174]" started-at="2022-01-17T20:07:27 IST" name="setUp" finished-at="2022-01-17T20:07:38 IST" duration-ms="10156" status="PASS">
          <reporter-output>
          </reporter-output>
        </test-method> <!-- setUp -->
        <test-method signature="loginTest()[pri:2, instance:com.amazon.qa.testcases.LoginPageTest@a3d8174]" started-at="2022-01-17T20:07:38 IST" name="loginTest" finished-at="2022-01-17T20:07:39 IST" duration-ms="1102" status="PASS">
          <reporter-output>
          </reporter-output>
        </test-method> <!-- loginTest -->
        <test-method is-config="true" signature="tearDown()[pri:0, instance:com.amazon.qa.testcases.LoginPageTest@a3d8174]" started-at="2022-01-17T20:07:39 IST" name="tearDown" finished-at="2022-01-17T20:07:39 IST" duration-ms="414" status="PASS">
          <reporter-output>
          </reporter-output>
        </test-method> <!-- tearDown -->
      </class> <!-- com.amazon.qa.testcases.LoginPageTest -->
    </test> <!-- Default test -->
  </suite> <!-- Default suite -->
</testng-results>
